INFO 2023-08-31 15:28:36,716 autoreload 3900 11356 Watching for file changes with StatReloader
INFO 2023-08-31 15:28:41,449 views 3900 16544 index page log
INFO 2023-08-31 15:28:41,518 basehttp 3900 16544 "GET / HTTP/1.1" 200 40
WARNING 2023-08-31 15:28:41,694 log 3900 16544 Not Found: /favicon.ico
WARNING 2023-08-31 15:28:41,704 basehttp 3900 16544 "GET /favicon.ico HTTP/1.1" 404 2441
INFO 2023-08-31 16:13:15,135 autoreload 7396 5896 Watching for file changes with StatReloader
INFO 2023-08-31 16:13:49,100 autoreload 20744 9472 Watching for file changes with StatReloader
INFO 2023-08-31 16:15:29,293 autoreload 20744 9472 C:\Users\TESO\Desktop\Lessions\Framework Django\myproject\seminar_1\views.py changed, reloading.
INFO 2023-08-31 16:15:29,900 autoreload 14900 11844 Watching for file changes with StatReloader
INFO 2023-08-31 16:15:34,351 autoreload 14644 19388 Watching for file changes with StatReloader
INFO 2023-08-31 16:15:37,194 views 14644 1324 index page log
INFO 2023-08-31 16:15:37,195 basehttp 14644 1324 "GET / HTTP/1.1" 200 40
WARNING 2023-08-31 16:15:50,733 log 14644 1324 Not Found: /cube
WARNING 2023-08-31 16:15:50,734 basehttp 14644 1324 "GET /cube HTTP/1.1" 404 2636
INFO 2023-08-31 16:17:25,507 autoreload 14644 19388 C:\Users\TESO\Desktop\Lessions\Framework Django\myproject\seminar_1\urls.py changed, reloading.
INFO 2023-08-31 16:17:26,075 autoreload 20412 11912 Watching for file changes with StatReloader
INFO 2023-08-31 16:17:30,443 autoreload 15872 12036 Watching for file changes with StatReloader
WARNING 2023-08-31 16:17:35,163 log 15872 4580 Not Found: /cube
WARNING 2023-08-31 16:17:35,164 basehttp 15872 4580 "GET /cube HTTP/1.1" 404 2636
WARNING 2023-08-31 16:17:51,178 log 15872 4580 Not Found: /cube
WARNING 2023-08-31 16:17:51,179 basehttp 15872 4580 "GET /cube HTTP/1.1" 404 2636
WARNING 2023-08-31 16:19:58,041 log 15872 4580 Not Found: /seminar_1/cube
WARNING 2023-08-31 16:19:58,041 basehttp 15872 4580 "GET /seminar_1/cube HTTP/1.1" 404 3112
INFO 2023-08-31 16:20:12,670 autoreload 15872 12036 C:\Users\TESO\Desktop\Lessions\Framework Django\myproject\seminar_1\urls.py changed, reloading.
INFO 2023-08-31 16:20:13,330 autoreload 16748 12388 Watching for file changes with StatReloader
INFO 2023-08-31 16:20:14,771 basehttp 16748 18688 "GET /seminar_1/cube HTTP/1.1" 301 0
INFO 2023-08-31 16:20:14,774 basehttp 16748 9468 "GET /seminar_1/cube/ HTTP/1.1" 200 1
INFO 2023-08-31 16:20:16,049 basehttp 16748 9468 "GET /seminar_1/cube/ HTTP/1.1" 200 1
INFO 2023-08-31 16:20:17,005 basehttp 16748 9468 "GET /seminar_1/cube/ HTTP/1.1" 200 1
INFO 2023-08-31 16:20:17,951 basehttp 16748 9468 "GET /seminar_1/cube/ HTTP/1.1" 200 1
INFO 2023-08-31 16:20:18,874 basehttp 16748 9468 "GET /seminar_1/cube/ HTTP/1.1" 200 1
INFO 2023-08-31 16:20:19,748 basehttp 16748 9468 "GET /seminar_1/cube/ HTTP/1.1" 200 1
INFO 2023-08-31 16:20:31,401 basehttp 16748 9468 "GET /seminar_1/rand_num HTTP/1.1" 301 0
INFO 2023-08-31 16:20:31,413 basehttp 16748 12344 "GET /seminar_1/rand_num/ HTTP/1.1" 200 2
INFO 2023-08-31 16:20:33,488 basehttp 16748 12344 "GET /seminar_1/rand_num/ HTTP/1.1" 200 2
INFO 2023-08-31 16:20:33,916 basehttp 16748 12344 "GET /seminar_1/rand_num/ HTTP/1.1" 200 2
INFO 2023-08-31 16:20:34,289 basehttp 16748 12344 "GET /seminar_1/rand_num/ HTTP/1.1" 200 2
INFO 2023-08-31 16:20:34,653 basehttp 16748 12344 "GET /seminar_1/rand_num/ HTTP/1.1" 200 2
INFO 2023-08-31 16:20:35,063 basehttp 16748 12344 "GET /seminar_1/rand_num/ HTTP/1.1" 200 2
INFO 2023-09-01 16:08:48,503 autoreload 2948 17892 Watching for file changes with StatReloader
INFO 2023-09-01 16:08:54,933 views 2948 4944 index page log
INFO 2023-09-01 16:08:54,978 basehttp 2948 4944 "GET / HTTP/1.1" 200 40
WARNING 2023-09-01 16:08:55,170 log 2948 4944 Not Found: /favicon.ico
WARNING 2023-09-01 16:08:55,194 basehttp 2948 4944 "GET /favicon.ico HTTP/1.1" 404 2762
INFO 2023-09-01 16:09:10,493 basehttp 2948 21100 "GET /hw_1/about HTTP/1.1" 301 0
INFO 2023-09-01 16:09:10,498 basehttp 2948 20828 "GET /hw_1/about/ HTTP/1.1" 200 31
WARNING 2023-09-01 16:09:18,462 log 2948 20828 Not Found: /hw_1/
WARNING 2023-09-01 16:09:18,463 basehttp 2948 20828 "GET /hw_1/ HTTP/1.1" 404 2983
INFO 2023-09-07 15:26:35,882 autoreload 7268 17496 Watching for file changes with StatReloader
INFO 2023-09-07 15:27:18,778 autoreload 7268 17496 C:\Users\TESO\Desktop\Lessions\Framework Django\myproject\lecture_3\urls.py changed, reloading.
INFO 2023-09-07 15:27:23,162 autoreload 15892 7212 Watching for file changes with StatReloader
INFO 2023-09-07 15:29:39,002 autoreload 23488 24396 Watching for file changes with StatReloader
INFO 2023-09-07 15:31:01,495 autoreload 12004 18212 Watching for file changes with StatReloader
INFO 2023-09-07 15:31:06,356 views 12004 4560 index page log
INFO 2023-09-07 15:31:06,398 basehttp 12004 4560 "GET / HTTP/1.1" 200 40
WARNING 2023-09-07 15:31:06,680 log 12004 4560 Not Found: /favicon.ico
WARNING 2023-09-07 15:31:06,689 basehttp 12004 4560 "GET /favicon.ico HTTP/1.1" 404 2872
INFO 2023-09-07 15:31:36,769 basehttp 12004 5992 "GET /lecture_3 HTTP/1.1" 301 0
INFO 2023-09-07 15:31:36,794 basehttp 12004 15088 "GET /lecture_3/ HTTP/1.1" 200 151
INFO 2023-09-09 13:49:28,822 autoreload 21968 9680 Watching for file changes with StatReloader
WARNING 2023-09-09 13:49:34,442 log 21968 13868 Not Found: /favicon.ico
WARNING 2023-09-09 13:49:34,498 basehttp 21968 13868 "GET /favicon.ico HTTP/1.1" 404 2872
INFO 2023-09-09 13:49:43,620 basehttp 21968 23876 "GET /lecture_3/if HTTP/1.1" 301 0
INFO 2023-09-09 13:49:43,634 basehttp 21968 21908 "GET /lecture_3/if/ HTTP/1.1" 200 326
INFO 2023-09-09 13:50:55,214 basehttp 21968 14744 "GET /lecture_3/if/ HTTP/1.1" 200 330
INFO 2023-09-09 13:51:28,476 basehttp 21968 14744 "GET /lecture_3/if/ HTTP/1.1" 200 339
INFO 2023-09-10 15:23:34,579 autoreload 15600 5964 Watching for file changes with StatReloader
INFO 2023-09-10 15:25:49,204 autoreload 15600 5964 C:\Users\TESO\Desktop\Lessions\Framework Django\myproject\hw_3\views.py changed, reloading.
INFO 2023-09-10 15:25:49,872 autoreload 6168 13204 Watching for file changes with StatReloader
INFO 2023-09-10 15:25:56,337 views 6168 14748 index page log
INFO 2023-09-10 15:25:56,342 basehttp 6168 14748 "GET / HTTP/1.1" 200 40
WARNING 2023-09-10 15:25:56,461 log 6168 14748 Not Found: /favicon.ico
WARNING 2023-09-10 15:25:56,468 basehttp 6168 14748 "GET /favicon.ico HTTP/1.1" 404 3087
WARNING 2023-09-10 15:26:20,566 log 6168 18264 Not Found: /lecture_4
WARNING 2023-09-10 15:26:20,567 basehttp 6168 18264 "GET /lecture_4 HTTP/1.1" 404 3081
WARNING 2023-09-10 15:26:45,310 log 6168 18264 Not Found: /lecture_4/
WARNING 2023-09-10 15:26:45,311 basehttp 6168 18264 "GET /lecture_4/ HTTP/1.1" 404 3346
INFO 2023-09-10 15:26:58,714 basehttp 6168 18264 "GET /lecture_4/forms HTTP/1.1" 301 0
INFO 2023-09-10 15:26:58,753 basehttp 6168 18388 "GET /lecture_4/forms/ HTTP/1.1" 200 1422
INFO 2023-09-10 15:34:20,031 autoreload 6168 13204 C:\Users\TESO\Desktop\Lessions\Framework Django\myproject\lecture_4\forms.py changed, reloading.
INFO 2023-09-10 15:34:20,817 autoreload 9596 5560 Watching for file changes with StatReloader
INFO 2023-09-10 15:37:12,241 autoreload 9596 5560 C:\Users\TESO\Desktop\Lessions\Framework Django\myproject\lecture_4\forms.py changed, reloading.
INFO 2023-09-10 15:37:12,973 autoreload 4296 3172 Watching for file changes with StatReloader
INFO 2023-09-10 15:40:54,691 autoreload 4296 3172 C:\Users\TESO\Desktop\Lessions\Framework Django\myproject\lecture_4\views.py changed, reloading.
INFO 2023-09-10 15:40:55,363 autoreload 15716 14216 Watching for file changes with StatReloader
INFO 2023-09-10 15:40:59,719 basehttp 15716 16808 "GET /lecture_4/forms/ HTTP/1.1" 200 2043
INFO 2023-09-10 15:44:41,815 autoreload 15716 14216 C:\Users\TESO\Desktop\Lessions\Framework Django\myproject\lecture_4\forms.py changed, reloading.
INFO 2023-09-10 15:44:42,562 autoreload 19716 6168 Watching for file changes with StatReloader
INFO 2023-09-10 15:44:47,359 basehttp 19716 13840 "GET /lecture_4/forms/ HTTP/1.1" 200 2043
INFO 2023-09-10 15:53:23,969 autoreload 19716 6168 C:\Users\TESO\Desktop\Lessions\Framework Django\myproject\lecture_4\forms.py changed, reloading.
INFO 2023-09-10 15:53:24,895 autoreload 18472 20364 Watching for file changes with StatReloader
INFO 2023-09-10 16:00:15,840 autoreload 18472 20364 C:\Users\TESO\Desktop\Lessions\Framework Django\myproject\lecture_4\models.py changed, reloading.
INFO 2023-09-10 16:00:16,729 autoreload 13840 12532 Watching for file changes with StatReloader
INFO 2023-09-10 16:11:00,118 autoreload 13816 19936 Watching for file changes with StatReloader
INFO 2023-09-10 16:11:12,803 basehttp 13816 13328 "GET /lecture_4/user HTTP/1.1" 301 0
INFO 2023-09-10 16:11:12,831 basehttp 13816 8584 "GET /lecture_4/user/ HTTP/1.1" 200 897
INFO 2023-09-10 16:11:26,303 basehttp 13816 8584 "POST /lecture_4/user/ HTTP/1.1" 200 1038
INFO 2023-09-10 16:12:27,107 basehttp 13816 8584 "POST /lecture_4/user/ HTTP/1.1" 200 958
INFO 2023-09-10 16:18:55,384 autoreload 13816 19936 C:\Users\TESO\Desktop\Lessions\Framework Django\myproject\myproject\settings.py changed, reloading.
INFO 2023-09-10 16:18:56,239 autoreload 9028 1064 Watching for file changes with StatReloader
INFO 2023-09-10 16:21:54,557 autoreload 9028 1064 C:\Users\TESO\Desktop\Lessions\Framework Django\myproject\lecture_4\views.py changed, reloading.
INFO 2023-09-10 16:21:55,345 autoreload 16488 17892 Watching for file changes with StatReloader
INFO 2023-09-10 16:24:35,617 autoreload 16488 17892 C:\Users\TESO\Desktop\Lessions\Framework Django\myproject\lecture_4\views.py changed, reloading.
INFO 2023-09-10 16:24:36,446 autoreload 2400 3240 Watching for file changes with StatReloader
INFO 2023-09-10 16:26:44,082 autoreload 2400 3240 C:\Users\TESO\Desktop\Lessions\Framework Django\myproject\lecture_4\views.py changed, reloading.
INFO 2023-09-10 16:26:44,881 autoreload 1904 9800 Watching for file changes with StatReloader
INFO 2023-09-10 16:27:50,416 autoreload 1904 9800 C:\Users\TESO\Desktop\Lessions\Framework Django\myproject\lecture_4\urls.py changed, reloading.
INFO 2023-09-10 16:27:51,207 autoreload 12020 18108 Watching for file changes with StatReloader
INFO 2023-09-13 15:24:43,311 autoreload 19004 4180 Watching for file changes with StatReloader
INFO 2023-09-13 15:24:49,247 views 19004 13256 index page log
INFO 2023-09-13 15:24:49,266 basehttp 19004 13256 "GET / HTTP/1.1" 200 40
WARNING 2023-09-13 15:24:49,374 log 19004 13256 Not Found: /favicon.ico
WARNING 2023-09-13 15:24:49,384 basehttp 19004 13256 "GET /favicon.ico HTTP/1.1" 404 3087
WARNING 2023-09-13 15:25:06,208 log 19004 2176 Not Found: /hw_4/client/add
WARNING 2023-09-13 15:25:06,209 basehttp 19004 2176 "GET /hw_4/client/add HTTP/1.1" 404 3099
INFO 2023-09-13 15:25:43,717 autoreload 19004 4180 C:\Users\TESO\Desktop\Lessions\Framework Django\myproject\myproject\urls.py changed, reloading.
INFO 2023-09-13 15:25:44,502 autoreload 14732 10492 Watching for file changes with StatReloader
INFO 2023-09-13 15:25:48,293 basehttp 14732 13816 "GET /hw_4/client/add HTTP/1.1" 301 0
ERROR 2023-09-13 15:25:48,345 log 14732 18660 Internal Server Error: /hw_4/client/add/
Traceback (most recent call last):
  File "C:\Users\TESO\Desktop\Lessions\Framework Django\venv\lib\site-packages\django\core\handlers\exception.py", line 55, in inner
    response = get_response(request)
  File "C:\Users\TESO\Desktop\Lessions\Framework Django\venv\lib\site-packages\django\core\handlers\base.py", line 220, in _get_response
    response = response.render()
  File "C:\Users\TESO\Desktop\Lessions\Framework Django\venv\lib\site-packages\django\template\response.py", line 114, in render
    self.content = self.rendered_content
  File "C:\Users\TESO\Desktop\Lessions\Framework Django\venv\lib\site-packages\django\template\response.py", line 90, in rendered_content
    template = self.resolve_template(self.template_name)
  File "C:\Users\TESO\Desktop\Lessions\Framework Django\venv\lib\site-packages\django\template\response.py", line 72, in resolve_template
    return select_template(template, using=self.using)
  File "C:\Users\TESO\Desktop\Lessions\Framework Django\venv\lib\site-packages\django\template\loader.py", line 47, in select_template
    raise TemplateDoesNotExist(", ".join(template_name_list), chain=chain)
django.template.exceptions.TemplateDoesNotExist: hw_3/client_form.html
ERROR 2023-09-13 15:25:48,351 basehttp 14732 18660 "GET /hw_4/client/add/ HTTP/1.1" 500 87117
ERROR 2023-09-13 15:31:04,996 log 14732 11932 Internal Server Error: /hw_4/client/add/
Traceback (most recent call last):
  File "C:\Users\TESO\Desktop\Lessions\Framework Django\venv\lib\site-packages\django\core\handlers\exception.py", line 55, in inner
    response = get_response(request)
  File "C:\Users\TESO\Desktop\Lessions\Framework Django\venv\lib\site-packages\django\core\handlers\base.py", line 220, in _get_response
    response = response.render()
  File "C:\Users\TESO\Desktop\Lessions\Framework Django\venv\lib\site-packages\django\template\response.py", line 114, in render
    self.content = self.rendered_content
  File "C:\Users\TESO\Desktop\Lessions\Framework Django\venv\lib\site-packages\django\template\response.py", line 90, in rendered_content
    template = self.resolve_template(self.template_name)
  File "C:\Users\TESO\Desktop\Lessions\Framework Django\venv\lib\site-packages\django\template\response.py", line 72, in resolve_template
    return select_template(template, using=self.using)
  File "C:\Users\TESO\Desktop\Lessions\Framework Django\venv\lib\site-packages\django\template\loader.py", line 47, in select_template
    raise TemplateDoesNotExist(", ".join(template_name_list), chain=chain)
django.template.exceptions.TemplateDoesNotExist: hw_3/client_form.html
ERROR 2023-09-13 15:31:05,000 basehttp 14732 11932 "GET /hw_4/client/add/ HTTP/1.1" 500 87117
INFO 2023-09-13 15:34:16,434 autoreload 14732 10492 C:\Users\TESO\Desktop\Lessions\Framework Django\myproject\hw_4\urls.py changed, reloading.
INFO 2023-09-13 15:34:17,378 autoreload 17304 18820 Watching for file changes with StatReloader
ERROR 2023-09-13 15:34:17,679 log 17304 19140 Internal Server Error: /hw_4/client/add/
Traceback (most recent call last):
  File "C:\Users\TESO\Desktop\Lessions\Framework Django\venv\lib\site-packages\django\core\handlers\exception.py", line 55, in inner
    response = get_response(request)
  File "C:\Users\TESO\Desktop\Lessions\Framework Django\venv\lib\site-packages\django\core\handlers\base.py", line 220, in _get_response
    response = response.render()
  File "C:\Users\TESO\Desktop\Lessions\Framework Django\venv\lib\site-packages\django\template\response.py", line 114, in render
    self.content = self.rendered_content
  File "C:\Users\TESO\Desktop\Lessions\Framework Django\venv\lib\site-packages\django\template\response.py", line 90, in rendered_content
    template = self.resolve_template(self.template_name)
  File "C:\Users\TESO\Desktop\Lessions\Framework Django\venv\lib\site-packages\django\template\response.py", line 72, in resolve_template
    return select_template(template, using=self.using)
  File "C:\Users\TESO\Desktop\Lessions\Framework Django\venv\lib\site-packages\django\template\loader.py", line 47, in select_template
    raise TemplateDoesNotExist(", ".join(template_name_list), chain=chain)
django.template.exceptions.TemplateDoesNotExist: hw_3/client_form.html
ERROR 2023-09-13 15:34:17,682 basehttp 17304 19140 "GET /hw_4/client/add/ HTTP/1.1" 500 87117
INFO 2023-09-13 15:34:57,013 autoreload 17304 18820 C:\Users\TESO\Desktop\Lessions\Framework Django\myproject\hw_4\views.py changed, reloading.
INFO 2023-09-13 15:34:57,706 autoreload 3928 8584 Watching for file changes with StatReloader
INFO 2023-09-13 15:34:58,321 basehttp 3928 12512 "GET /hw_4/client/add/ HTTP/1.1" 200 1069
ERROR 2023-09-13 15:35:15,035 log 3928 12512 Internal Server Error: /hw_4/client/add/
Traceback (most recent call last):
  File "C:\Users\TESO\Desktop\Lessions\Framework Django\venv\lib\site-packages\django\urls\base.py", line 71, in reverse
    extra, resolver = resolver.namespace_dict[ns]
KeyError: 'hw_3'

During handling of the above exception, another exception occurred:

Traceback (most recent call last):
  File "C:\Users\TESO\Desktop\Lessions\Framework Django\venv\lib\site-packages\django\core\handlers\exception.py", line 55, in inner
    response = get_response(request)
  File "C:\Users\TESO\Desktop\Lessions\Framework Django\venv\lib\site-packages\django\core\handlers\base.py", line 197, in _get_response
    response = wrapped_callback(request, *callback_args, **callback_kwargs)
  File "C:\Users\TESO\Desktop\Lessions\Framework Django\venv\lib\site-packages\django\views\generic\base.py", line 104, in view
    return self.dispatch(request, *args, **kwargs)
  File "C:\Users\TESO\Desktop\Lessions\Framework Django\venv\lib\site-packages\django\views\generic\base.py", line 143, in dispatch
    return handler(request, *args, **kwargs)
  File "C:\Users\TESO\Desktop\Lessions\Framework Django\venv\lib\site-packages\django\views\generic\edit.py", line 184, in post
    return super().post(request, *args, **kwargs)
  File "C:\Users\TESO\Desktop\Lessions\Framework Django\venv\lib\site-packages\django\views\generic\edit.py", line 153, in post
    return self.form_valid(form)
  File "C:\Users\TESO\Desktop\Lessions\Framework Django\venv\lib\site-packages\django\views\generic\edit.py", line 136, in form_valid
    return super().form_valid(form)
  File "C:\Users\TESO\Desktop\Lessions\Framework Django\venv\lib\site-packages\django\views\generic\edit.py", line 65, in form_valid
    return HttpResponseRedirect(self.get_success_url())
  File "C:\Users\TESO\Desktop\Lessions\Framework Django\venv\lib\site-packages\django\views\generic\edit.py", line 125, in get_success_url
    url = self.object.get_absolute_url()
  File "C:\Users\TESO\Desktop\Lessions\Framework Django\myproject\hw_4\models.py", line 17, in get_absolute_url
    return reverse('hw_3:client_detail', kwargs={'pk': self.pk})
  File "C:\Users\TESO\Desktop\Lessions\Framework Django\venv\lib\site-packages\django\urls\base.py", line 82, in reverse
    raise NoReverseMatch("%s is not a registered namespace" % key)
django.urls.exceptions.NoReverseMatch: 'hw_3' is not a registered namespace
ERROR 2023-09-13 15:35:15,040 basehttp 3928 12512 "POST /hw_4/client/add/ HTTP/1.1" 500 114726
INFO 2023-09-13 15:36:36,266 autoreload 3928 8584 C:\Users\TESO\Desktop\Lessions\Framework Django\myproject\hw_4\models.py changed, reloading.
INFO 2023-09-13 15:36:37,120 autoreload 14368 2160 Watching for file changes with StatReloader
ERROR 2023-09-13 15:36:40,833 log 14368 15344 Internal Server Error: /hw_4/client/add/
Traceback (most recent call last):
  File "C:\Users\TESO\Desktop\Lessions\Framework Django\venv\lib\site-packages\django\urls\base.py", line 71, in reverse
    extra, resolver = resolver.namespace_dict[ns]
KeyError: 'hw_4'

During handling of the above exception, another exception occurred:

Traceback (most recent call last):
  File "C:\Users\TESO\Desktop\Lessions\Framework Django\venv\lib\site-packages\django\core\handlers\exception.py", line 55, in inner
    response = get_response(request)
  File "C:\Users\TESO\Desktop\Lessions\Framework Django\venv\lib\site-packages\django\core\handlers\base.py", line 197, in _get_response
    response = wrapped_callback(request, *callback_args, **callback_kwargs)
  File "C:\Users\TESO\Desktop\Lessions\Framework Django\venv\lib\site-packages\django\views\generic\base.py", line 104, in view
    return self.dispatch(request, *args, **kwargs)
  File "C:\Users\TESO\Desktop\Lessions\Framework Django\venv\lib\site-packages\django\views\generic\base.py", line 143, in dispatch
    return handler(request, *args, **kwargs)
  File "C:\Users\TESO\Desktop\Lessions\Framework Django\venv\lib\site-packages\django\views\generic\edit.py", line 184, in post
    return super().post(request, *args, **kwargs)
  File "C:\Users\TESO\Desktop\Lessions\Framework Django\venv\lib\site-packages\django\views\generic\edit.py", line 153, in post
    return self.form_valid(form)
  File "C:\Users\TESO\Desktop\Lessions\Framework Django\venv\lib\site-packages\django\views\generic\edit.py", line 136, in form_valid
    return super().form_valid(form)
  File "C:\Users\TESO\Desktop\Lessions\Framework Django\venv\lib\site-packages\django\views\generic\edit.py", line 65, in form_valid
    return HttpResponseRedirect(self.get_success_url())
  File "C:\Users\TESO\Desktop\Lessions\Framework Django\venv\lib\site-packages\django\views\generic\edit.py", line 125, in get_success_url
    url = self.object.get_absolute_url()
  File "C:\Users\TESO\Desktop\Lessions\Framework Django\myproject\hw_4\models.py", line 17, in get_absolute_url
    return reverse('hw_4:client_detail', kwargs={'pk': self.pk})
  File "C:\Users\TESO\Desktop\Lessions\Framework Django\venv\lib\site-packages\django\urls\base.py", line 82, in reverse
    raise NoReverseMatch("%s is not a registered namespace" % key)
django.urls.exceptions.NoReverseMatch: 'hw_4' is not a registered namespace
ERROR 2023-09-13 15:36:40,837 basehttp 14368 15344 "POST /hw_4/client/add/ HTTP/1.1" 500 114726
INFO 2023-09-13 15:37:20,096 autoreload 14368 2160 C:\Users\TESO\Desktop\Lessions\Framework Django\myproject\hw_4\models.py changed, reloading.
INFO 2023-09-13 15:37:20,981 autoreload 3616 19140 Watching for file changes with StatReloader
ERROR 2023-09-13 15:37:22,838 log 3616 15112 Internal Server Error: /hw_4/client/add/
Traceback (most recent call last):
  File "C:\Users\TESO\Desktop\Lessions\Framework Django\venv\lib\site-packages\django\urls\base.py", line 71, in reverse
    extra, resolver = resolver.namespace_dict[ns]
KeyError: 'hw_4'

During handling of the above exception, another exception occurred:

Traceback (most recent call last):
  File "C:\Users\TESO\Desktop\Lessions\Framework Django\venv\lib\site-packages\django\core\handlers\exception.py", line 55, in inner
    response = get_response(request)
  File "C:\Users\TESO\Desktop\Lessions\Framework Django\venv\lib\site-packages\django\core\handlers\base.py", line 197, in _get_response
    response = wrapped_callback(request, *callback_args, **callback_kwargs)
  File "C:\Users\TESO\Desktop\Lessions\Framework Django\venv\lib\site-packages\django\views\generic\base.py", line 104, in view
    return self.dispatch(request, *args, **kwargs)
  File "C:\Users\TESO\Desktop\Lessions\Framework Django\venv\lib\site-packages\django\views\generic\base.py", line 143, in dispatch
    return handler(request, *args, **kwargs)
  File "C:\Users\TESO\Desktop\Lessions\Framework Django\venv\lib\site-packages\django\views\generic\edit.py", line 184, in post
    return super().post(request, *args, **kwargs)
  File "C:\Users\TESO\Desktop\Lessions\Framework Django\venv\lib\site-packages\django\views\generic\edit.py", line 153, in post
    return self.form_valid(form)
  File "C:\Users\TESO\Desktop\Lessions\Framework Django\venv\lib\site-packages\django\views\generic\edit.py", line 136, in form_valid
    return super().form_valid(form)
  File "C:\Users\TESO\Desktop\Lessions\Framework Django\venv\lib\site-packages\django\views\generic\edit.py", line 65, in form_valid
    return HttpResponseRedirect(self.get_success_url())
  File "C:\Users\TESO\Desktop\Lessions\Framework Django\venv\lib\site-packages\django\views\generic\edit.py", line 125, in get_success_url
    url = self.object.get_absolute_url()
  File "C:\Users\TESO\Desktop\Lessions\Framework Django\myproject\hw_4\models.py", line 17, in get_absolute_url
    return reverse('hw_4:client_page', kwargs={'pk': self.pk})
  File "C:\Users\TESO\Desktop\Lessions\Framework Django\venv\lib\site-packages\django\urls\base.py", line 82, in reverse
    raise NoReverseMatch("%s is not a registered namespace" % key)
django.urls.exceptions.NoReverseMatch: 'hw_4' is not a registered namespace
ERROR 2023-09-13 15:37:22,842 basehttp 3616 15112 "POST /hw_4/client/add/ HTTP/1.1" 500 114714
ERROR 2023-09-13 15:37:26,920 log 3616 15112 Internal Server Error: /hw_4/client/add/
Traceback (most recent call last):
  File "C:\Users\TESO\Desktop\Lessions\Framework Django\venv\lib\site-packages\django\urls\base.py", line 71, in reverse
    extra, resolver = resolver.namespace_dict[ns]
KeyError: 'hw_4'

During handling of the above exception, another exception occurred:

Traceback (most recent call last):
  File "C:\Users\TESO\Desktop\Lessions\Framework Django\venv\lib\site-packages\django\core\handlers\exception.py", line 55, in inner
    response = get_response(request)
  File "C:\Users\TESO\Desktop\Lessions\Framework Django\venv\lib\site-packages\django\core\handlers\base.py", line 197, in _get_response
    response = wrapped_callback(request, *callback_args, **callback_kwargs)
  File "C:\Users\TESO\Desktop\Lessions\Framework Django\venv\lib\site-packages\django\views\generic\base.py", line 104, in view
    return self.dispatch(request, *args, **kwargs)
  File "C:\Users\TESO\Desktop\Lessions\Framework Django\venv\lib\site-packages\django\views\generic\base.py", line 143, in dispatch
    return handler(request, *args, **kwargs)
  File "C:\Users\TESO\Desktop\Lessions\Framework Django\venv\lib\site-packages\django\views\generic\edit.py", line 184, in post
    return super().post(request, *args, **kwargs)
  File "C:\Users\TESO\Desktop\Lessions\Framework Django\venv\lib\site-packages\django\views\generic\edit.py", line 153, in post
    return self.form_valid(form)
  File "C:\Users\TESO\Desktop\Lessions\Framework Django\venv\lib\site-packages\django\views\generic\edit.py", line 136, in form_valid
    return super().form_valid(form)
  File "C:\Users\TESO\Desktop\Lessions\Framework Django\venv\lib\site-packages\django\views\generic\edit.py", line 65, in form_valid
    return HttpResponseRedirect(self.get_success_url())
  File "C:\Users\TESO\Desktop\Lessions\Framework Django\venv\lib\site-packages\django\views\generic\edit.py", line 125, in get_success_url
    url = self.object.get_absolute_url()
  File "C:\Users\TESO\Desktop\Lessions\Framework Django\myproject\hw_4\models.py", line 17, in get_absolute_url
    return reverse('hw_4:client_page', kwargs={'pk': self.pk})
  File "C:\Users\TESO\Desktop\Lessions\Framework Django\venv\lib\site-packages\django\urls\base.py", line 82, in reverse
    raise NoReverseMatch("%s is not a registered namespace" % key)
django.urls.exceptions.NoReverseMatch: 'hw_4' is not a registered namespace
ERROR 2023-09-13 15:37:26,924 basehttp 3616 15112 "POST /hw_4/client/add/ HTTP/1.1" 500 114714
ERROR 2023-09-13 15:38:25,858 log 3616 15112 Internal Server Error: /hw_4/client/add/
Traceback (most recent call last):
  File "C:\Users\TESO\Desktop\Lessions\Framework Django\venv\lib\site-packages\django\urls\base.py", line 71, in reverse
    extra, resolver = resolver.namespace_dict[ns]
KeyError: 'hw_4'

During handling of the above exception, another exception occurred:

Traceback (most recent call last):
  File "C:\Users\TESO\Desktop\Lessions\Framework Django\venv\lib\site-packages\django\core\handlers\exception.py", line 55, in inner
    response = get_response(request)
  File "C:\Users\TESO\Desktop\Lessions\Framework Django\venv\lib\site-packages\django\core\handlers\base.py", line 197, in _get_response
    response = wrapped_callback(request, *callback_args, **callback_kwargs)
  File "C:\Users\TESO\Desktop\Lessions\Framework Django\venv\lib\site-packages\django\views\generic\base.py", line 104, in view
    return self.dispatch(request, *args, **kwargs)
  File "C:\Users\TESO\Desktop\Lessions\Framework Django\venv\lib\site-packages\django\views\generic\base.py", line 143, in dispatch
    return handler(request, *args, **kwargs)
  File "C:\Users\TESO\Desktop\Lessions\Framework Django\venv\lib\site-packages\django\views\generic\edit.py", line 184, in post
    return super().post(request, *args, **kwargs)
  File "C:\Users\TESO\Desktop\Lessions\Framework Django\venv\lib\site-packages\django\views\generic\edit.py", line 153, in post
    return self.form_valid(form)
  File "C:\Users\TESO\Desktop\Lessions\Framework Django\venv\lib\site-packages\django\views\generic\edit.py", line 136, in form_valid
    return super().form_valid(form)
  File "C:\Users\TESO\Desktop\Lessions\Framework Django\venv\lib\site-packages\django\views\generic\edit.py", line 65, in form_valid
    return HttpResponseRedirect(self.get_success_url())
  File "C:\Users\TESO\Desktop\Lessions\Framework Django\venv\lib\site-packages\django\views\generic\edit.py", line 125, in get_success_url
    url = self.object.get_absolute_url()
  File "C:\Users\TESO\Desktop\Lessions\Framework Django\myproject\hw_4\models.py", line 17, in get_absolute_url
    return reverse('hw_4:client_page', kwargs={'pk': self.pk})
  File "C:\Users\TESO\Desktop\Lessions\Framework Django\venv\lib\site-packages\django\urls\base.py", line 82, in reverse
    raise NoReverseMatch("%s is not a registered namespace" % key)
django.urls.exceptions.NoReverseMatch: 'hw_4' is not a registered namespace
ERROR 2023-09-13 15:38:25,866 basehttp 3616 15112 "POST /hw_4/client/add/ HTTP/1.1" 500 114714
INFO 2023-09-13 15:45:54,772 basehttp 3616 18924 "GET /hw_4/client/4 HTTP/1.1" 301 0
INFO 2023-09-13 15:45:54,793 basehttp 3616 18724 "GET /hw_4/client/4/ HTTP/1.1" 200 282
INFO 2023-09-13 15:48:55,082 autoreload 3616 19140 C:\Users\TESO\Desktop\Lessions\Framework Django\myproject\hw_4\urls.py changed, reloading.
INFO 2023-09-13 15:48:56,304 autoreload 5600 2180 Watching for file changes with StatReloader
ERROR 2023-09-13 15:49:26,120 log 5600 18572 Internal Server Error: /hw_4/client/add/
Traceback (most recent call last):
  File "C:\Users\TESO\Desktop\Lessions\Framework Django\venv\lib\site-packages\django\db\utils.py", line 98, in inner
    return func(*args, **kwargs)
sqlite3.OperationalError: database is locked

The above exception was the direct cause of the following exception:

Traceback (most recent call last):
  File "C:\Users\TESO\Desktop\Lessions\Framework Django\venv\lib\site-packages\django\core\handlers\exception.py", line 55, in inner
    response = get_response(request)
  File "C:\Users\TESO\Desktop\Lessions\Framework Django\venv\lib\site-packages\django\core\handlers\base.py", line 197, in _get_response
    response = wrapped_callback(request, *callback_args, **callback_kwargs)
  File "C:\Users\TESO\Desktop\Lessions\Framework Django\venv\lib\site-packages\django\views\generic\base.py", line 104, in view
    return self.dispatch(request, *args, **kwargs)
  File "C:\Users\TESO\Desktop\Lessions\Framework Django\venv\lib\site-packages\django\views\generic\base.py", line 143, in dispatch
    return handler(request, *args, **kwargs)
  File "C:\Users\TESO\Desktop\Lessions\Framework Django\venv\lib\site-packages\django\views\generic\edit.py", line 184, in post
    return super().post(request, *args, **kwargs)
  File "C:\Users\TESO\Desktop\Lessions\Framework Django\venv\lib\site-packages\django\views\generic\edit.py", line 153, in post
    return self.form_valid(form)
  File "C:\Users\TESO\Desktop\Lessions\Framework Django\venv\lib\site-packages\django\views\generic\edit.py", line 135, in form_valid
    self.object = form.save()
  File "C:\Users\TESO\Desktop\Lessions\Framework Django\venv\lib\site-packages\django\forms\models.py", line 542, in save
    self.instance.save()
  File "C:\Users\TESO\Desktop\Lessions\Framework Django\venv\lib\site-packages\django\db\models\base.py", line 814, in save
    self.save_base(
  File "C:\Users\TESO\Desktop\Lessions\Framework Django\venv\lib\site-packages\django\db\models\base.py", line 877, in save_base
    updated = self._save_table(
  File "C:\Users\TESO\Desktop\Lessions\Framework Django\venv\lib\site-packages\django\db\models\base.py", line 1020, in _save_table
    results = self._do_insert(
  File "C:\Users\TESO\Desktop\Lessions\Framework Django\venv\lib\site-packages\django\db\models\base.py", line 1061, in _do_insert
    return manager._insert(
  File "C:\Users\TESO\Desktop\Lessions\Framework Django\venv\lib\site-packages\django\db\models\manager.py", line 87, in manager_method
    return getattr(self.get_queryset(), name)(*args, **kwargs)
  File "C:\Users\TESO\Desktop\Lessions\Framework Django\venv\lib\site-packages\django\db\models\query.py", line 1805, in _insert
    return query.get_compiler(using=using).execute_sql(returning_fields)
  File "C:\Users\TESO\Desktop\Lessions\Framework Django\venv\lib\site-packages\django\db\models\sql\compiler.py", line 1833, in execute_sql
    self.connection.ops.fetch_returned_insert_columns(
  File "C:\Users\TESO\Desktop\Lessions\Framework Django\venv\lib\site-packages\django\db\backends\base\operations.py", line 213, in fetch_returned_insert_columns
    return cursor.fetchone()
  File "C:\Users\TESO\Desktop\Lessions\Framework Django\venv\lib\site-packages\django\db\utils.py", line 97, in inner
    with self:
  File "C:\Users\TESO\Desktop\Lessions\Framework Django\venv\lib\site-packages\django\db\utils.py", line 91, in __exit__
    raise dj_exc_value.with_traceback(traceback) from exc_value
  File "C:\Users\TESO\Desktop\Lessions\Framework Django\venv\lib\site-packages\django\db\utils.py", line 98, in inner
    return func(*args, **kwargs)
django.db.utils.OperationalError: database is locked
ERROR 2023-09-13 15:49:26,130 basehttp 5600 18572 "POST /hw_4/client/add/ HTTP/1.1" 500 153845
INFO 2023-09-13 15:49:46,427 autoreload 2612 1384 Watching for file changes with StatReloader
INFO 2023-09-13 15:49:49,225 basehttp 2612 8480 "GET /hw_4/client/add/ HTTP/1.1" 200 1069
ERROR 2023-09-13 15:50:03,869 log 2612 8480 Internal Server Error: /hw_4/client/add/
Traceback (most recent call last):
  File "C:\Users\TESO\Desktop\Lessions\Framework Django\venv\lib\site-packages\django\db\utils.py", line 98, in inner
    return func(*args, **kwargs)
sqlite3.OperationalError: database is locked

The above exception was the direct cause of the following exception:

Traceback (most recent call last):
  File "C:\Users\TESO\Desktop\Lessions\Framework Django\venv\lib\site-packages\django\core\handlers\exception.py", line 55, in inner
    response = get_response(request)
  File "C:\Users\TESO\Desktop\Lessions\Framework Django\venv\lib\site-packages\django\core\handlers\base.py", line 197, in _get_response
    response = wrapped_callback(request, *callback_args, **callback_kwargs)
  File "C:\Users\TESO\Desktop\Lessions\Framework Django\venv\lib\site-packages\django\views\generic\base.py", line 104, in view
    return self.dispatch(request, *args, **kwargs)
  File "C:\Users\TESO\Desktop\Lessions\Framework Django\venv\lib\site-packages\django\views\generic\base.py", line 143, in dispatch
    return handler(request, *args, **kwargs)
  File "C:\Users\TESO\Desktop\Lessions\Framework Django\venv\lib\site-packages\django\views\generic\edit.py", line 184, in post
    return super().post(request, *args, **kwargs)
  File "C:\Users\TESO\Desktop\Lessions\Framework Django\venv\lib\site-packages\django\views\generic\edit.py", line 153, in post
    return self.form_valid(form)
  File "C:\Users\TESO\Desktop\Lessions\Framework Django\venv\lib\site-packages\django\views\generic\edit.py", line 135, in form_valid
    self.object = form.save()
  File "C:\Users\TESO\Desktop\Lessions\Framework Django\venv\lib\site-packages\django\forms\models.py", line 542, in save
    self.instance.save()
  File "C:\Users\TESO\Desktop\Lessions\Framework Django\venv\lib\site-packages\django\db\models\base.py", line 814, in save
    self.save_base(
  File "C:\Users\TESO\Desktop\Lessions\Framework Django\venv\lib\site-packages\django\db\models\base.py", line 877, in save_base
    updated = self._save_table(
  File "C:\Users\TESO\Desktop\Lessions\Framework Django\venv\lib\site-packages\django\db\models\base.py", line 1020, in _save_table
    results = self._do_insert(
  File "C:\Users\TESO\Desktop\Lessions\Framework Django\venv\lib\site-packages\django\db\models\base.py", line 1061, in _do_insert
    return manager._insert(
  File "C:\Users\TESO\Desktop\Lessions\Framework Django\venv\lib\site-packages\django\db\models\manager.py", line 87, in manager_method
    return getattr(self.get_queryset(), name)(*args, **kwargs)
  File "C:\Users\TESO\Desktop\Lessions\Framework Django\venv\lib\site-packages\django\db\models\query.py", line 1805, in _insert
    return query.get_compiler(using=using).execute_sql(returning_fields)
  File "C:\Users\TESO\Desktop\Lessions\Framework Django\venv\lib\site-packages\django\db\models\sql\compiler.py", line 1833, in execute_sql
    self.connection.ops.fetch_returned_insert_columns(
  File "C:\Users\TESO\Desktop\Lessions\Framework Django\venv\lib\site-packages\django\db\backends\base\operations.py", line 213, in fetch_returned_insert_columns
    return cursor.fetchone()
  File "C:\Users\TESO\Desktop\Lessions\Framework Django\venv\lib\site-packages\django\db\utils.py", line 97, in inner
    with self:
  File "C:\Users\TESO\Desktop\Lessions\Framework Django\venv\lib\site-packages\django\db\utils.py", line 91, in __exit__
    raise dj_exc_value.with_traceback(traceback) from exc_value
  File "C:\Users\TESO\Desktop\Lessions\Framework Django\venv\lib\site-packages\django\db\utils.py", line 98, in inner
    return func(*args, **kwargs)
django.db.utils.OperationalError: database is locked
ERROR 2023-09-13 15:50:03,878 basehttp 2612 8480 "POST /hw_4/client/add/ HTTP/1.1" 500 153773
ERROR 2023-09-13 15:50:34,625 log 2612 8480 Internal Server Error: /hw_4/client/add/
Traceback (most recent call last):
  File "C:\Users\TESO\Desktop\Lessions\Framework Django\venv\lib\site-packages\django\urls\base.py", line 71, in reverse
    extra, resolver = resolver.namespace_dict[ns]
KeyError: 'hw_4'

During handling of the above exception, another exception occurred:

Traceback (most recent call last):
  File "C:\Users\TESO\Desktop\Lessions\Framework Django\venv\lib\site-packages\django\core\handlers\exception.py", line 55, in inner
    response = get_response(request)
  File "C:\Users\TESO\Desktop\Lessions\Framework Django\venv\lib\site-packages\django\core\handlers\base.py", line 197, in _get_response
    response = wrapped_callback(request, *callback_args, **callback_kwargs)
  File "C:\Users\TESO\Desktop\Lessions\Framework Django\venv\lib\site-packages\django\views\generic\base.py", line 104, in view
    return self.dispatch(request, *args, **kwargs)
  File "C:\Users\TESO\Desktop\Lessions\Framework Django\venv\lib\site-packages\django\views\generic\base.py", line 143, in dispatch
    return handler(request, *args, **kwargs)
  File "C:\Users\TESO\Desktop\Lessions\Framework Django\venv\lib\site-packages\django\views\generic\edit.py", line 184, in post
    return super().post(request, *args, **kwargs)
  File "C:\Users\TESO\Desktop\Lessions\Framework Django\venv\lib\site-packages\django\views\generic\edit.py", line 153, in post
    return self.form_valid(form)
  File "C:\Users\TESO\Desktop\Lessions\Framework Django\venv\lib\site-packages\django\views\generic\edit.py", line 136, in form_valid
    return super().form_valid(form)
  File "C:\Users\TESO\Desktop\Lessions\Framework Django\venv\lib\site-packages\django\views\generic\edit.py", line 65, in form_valid
    return HttpResponseRedirect(self.get_success_url())
  File "C:\Users\TESO\Desktop\Lessions\Framework Django\venv\lib\site-packages\django\views\generic\edit.py", line 125, in get_success_url
    url = self.object.get_absolute_url()
  File "C:\Users\TESO\Desktop\Lessions\Framework Django\myproject\hw_4\models.py", line 17, in get_absolute_url
    return reverse('hw_4:client_page', kwargs={'pk': self.pk})
  File "C:\Users\TESO\Desktop\Lessions\Framework Django\venv\lib\site-packages\django\urls\base.py", line 82, in reverse
    raise NoReverseMatch("%s is not a registered namespace" % key)
django.urls.exceptions.NoReverseMatch: 'hw_4' is not a registered namespace
ERROR 2023-09-13 15:50:34,630 basehttp 2612 8480 "POST /hw_4/client/add/ HTTP/1.1" 500 114702
INFO 2023-09-13 15:50:50,728 basehttp 2612 8480 "GET /hw_4/client/add/ HTTP/1.1" 200 1069
ERROR 2023-09-13 15:50:57,689 log 2612 8480 Internal Server Error: /hw_4/client/add/
Traceback (most recent call last):
  File "C:\Users\TESO\Desktop\Lessions\Framework Django\venv\lib\site-packages\django\urls\base.py", line 71, in reverse
    extra, resolver = resolver.namespace_dict[ns]
KeyError: 'hw_4'

During handling of the above exception, another exception occurred:

Traceback (most recent call last):
  File "C:\Users\TESO\Desktop\Lessions\Framework Django\venv\lib\site-packages\django\core\handlers\exception.py", line 55, in inner
    response = get_response(request)
  File "C:\Users\TESO\Desktop\Lessions\Framework Django\venv\lib\site-packages\django\core\handlers\base.py", line 197, in _get_response
    response = wrapped_callback(request, *callback_args, **callback_kwargs)
  File "C:\Users\TESO\Desktop\Lessions\Framework Django\venv\lib\site-packages\django\views\generic\base.py", line 104, in view
    return self.dispatch(request, *args, **kwargs)
  File "C:\Users\TESO\Desktop\Lessions\Framework Django\venv\lib\site-packages\django\views\generic\base.py", line 143, in dispatch
    return handler(request, *args, **kwargs)
  File "C:\Users\TESO\Desktop\Lessions\Framework Django\venv\lib\site-packages\django\views\generic\edit.py", line 184, in post
    return super().post(request, *args, **kwargs)
  File "C:\Users\TESO\Desktop\Lessions\Framework Django\venv\lib\site-packages\django\views\generic\edit.py", line 153, in post
    return self.form_valid(form)
  File "C:\Users\TESO\Desktop\Lessions\Framework Django\venv\lib\site-packages\django\views\generic\edit.py", line 136, in form_valid
    return super().form_valid(form)
  File "C:\Users\TESO\Desktop\Lessions\Framework Django\venv\lib\site-packages\django\views\generic\edit.py", line 65, in form_valid
    return HttpResponseRedirect(self.get_success_url())
  File "C:\Users\TESO\Desktop\Lessions\Framework Django\venv\lib\site-packages\django\views\generic\edit.py", line 125, in get_success_url
    url = self.object.get_absolute_url()
  File "C:\Users\TESO\Desktop\Lessions\Framework Django\myproject\hw_4\models.py", line 17, in get_absolute_url
    return reverse('hw_4:client_page', kwargs={'pk': self.pk})
  File "C:\Users\TESO\Desktop\Lessions\Framework Django\venv\lib\site-packages\django\urls\base.py", line 82, in reverse
    raise NoReverseMatch("%s is not a registered namespace" % key)
django.urls.exceptions.NoReverseMatch: 'hw_4' is not a registered namespace
ERROR 2023-09-13 15:50:57,692 basehttp 2612 8480 "POST /hw_4/client/add/ HTTP/1.1" 500 114702
INFO 2023-09-13 16:10:46,937 autoreload 2612 1384 C:\Users\TESO\Desktop\Lessions\Framework Django\myproject\hw_4\models.py changed, reloading.
INFO 2023-09-13 16:10:47,699 autoreload 10948 8456 Watching for file changes with StatReloader
INFO 2023-09-13 16:10:50,243 basehttp 10948 9836 "GET /hw_4/client/add/ HTTP/1.1" 200 1069
INFO 2023-09-13 16:39:15,917 autoreload 10948 8456 C:\Users\TESO\Desktop\Lessions\Framework Django\myproject\hw_4\urls.py changed, reloading.
INFO 2023-09-13 16:39:16,595 autoreload 3096 10292 Watching for file changes with StatReloader
ERROR 2023-09-13 16:39:33,289 log 3096 15008 Internal Server Error: /hw_4/client/add/
Traceback (most recent call last):
  File "C:\Users\TESO\Desktop\Lessions\Framework Django\venv\lib\site-packages\django\urls\base.py", line 71, in reverse
    extra, resolver = resolver.namespace_dict[ns]
KeyError: 'hw_4'

During handling of the above exception, another exception occurred:

Traceback (most recent call last):
  File "C:\Users\TESO\Desktop\Lessions\Framework Django\venv\lib\site-packages\django\core\handlers\exception.py", line 55, in inner
    response = get_response(request)
  File "C:\Users\TESO\Desktop\Lessions\Framework Django\venv\lib\site-packages\django\core\handlers\base.py", line 197, in _get_response
    response = wrapped_callback(request, *callback_args, **callback_kwargs)
  File "C:\Users\TESO\Desktop\Lessions\Framework Django\venv\lib\site-packages\django\views\generic\base.py", line 104, in view
    return self.dispatch(request, *args, **kwargs)
  File "C:\Users\TESO\Desktop\Lessions\Framework Django\venv\lib\site-packages\django\views\generic\base.py", line 143, in dispatch
    return handler(request, *args, **kwargs)
  File "C:\Users\TESO\Desktop\Lessions\Framework Django\venv\lib\site-packages\django\views\generic\edit.py", line 184, in post
    return super().post(request, *args, **kwargs)
  File "C:\Users\TESO\Desktop\Lessions\Framework Django\venv\lib\site-packages\django\views\generic\edit.py", line 153, in post
    return self.form_valid(form)
  File "C:\Users\TESO\Desktop\Lessions\Framework Django\venv\lib\site-packages\django\views\generic\edit.py", line 136, in form_valid
    return super().form_valid(form)
  File "C:\Users\TESO\Desktop\Lessions\Framework Django\venv\lib\site-packages\django\views\generic\edit.py", line 65, in form_valid
    return HttpResponseRedirect(self.get_success_url())
  File "C:\Users\TESO\Desktop\Lessions\Framework Django\venv\lib\site-packages\django\views\generic\edit.py", line 125, in get_success_url
    url = self.object.get_absolute_url()
  File "C:\Users\TESO\Desktop\Lessions\Framework Django\myproject\hw_4\models.py", line 17, in get_absolute_url
    return reverse('hw_4:client_page', kwargs={'pk': self.pk})
  File "C:\Users\TESO\Desktop\Lessions\Framework Django\venv\lib\site-packages\django\urls\base.py", line 82, in reverse
    raise NoReverseMatch("%s is not a registered namespace" % key)
django.urls.exceptions.NoReverseMatch: 'hw_4' is not a registered namespace
ERROR 2023-09-13 16:39:33,293 basehttp 3096 15008 "POST /hw_4/client/add/ HTTP/1.1" 500 114767
INFO 2023-09-13 16:47:54,324 autoreload 3096 10292 C:\Users\TESO\Desktop\Lessions\Framework Django\myproject\hw_4\models.py changed, reloading.
INFO 2023-09-13 16:47:55,021 autoreload 1152 2176 Watching for file changes with StatReloader
INFO 2023-09-13 16:51:26,612 autoreload 1152 2176 C:\Users\TESO\Desktop\Lessions\Framework Django\myproject\hw_4\models.py changed, reloading.
INFO 2023-09-13 16:51:27,743 autoreload 920 12164 Watching for file changes with StatReloader
INFO 2023-09-13 16:53:49,293 autoreload 920 12164 C:\Users\TESO\Desktop\Lessions\Framework Django\myproject\myproject\urls.py changed, reloading.
INFO 2023-09-13 16:53:50,228 autoreload 4628 18888 Watching for file changes with StatReloader
INFO 2023-09-13 16:56:54,325 autoreload 4628 18888 C:\Users\TESO\Desktop\Lessions\Framework Django\myproject\hw_4\urls.py changed, reloading.
INFO 2023-09-13 16:56:55,460 autoreload 4636 920 Watching for file changes with StatReloader
INFO 2023-09-13 16:58:21,916 autoreload 4636 920 C:\Users\TESO\Desktop\Lessions\Framework Django\myproject\hw_4\views.py changed, reloading.
INFO 2023-09-13 16:58:23,037 autoreload 18352 5764 Watching for file changes with StatReloader
INFO 2023-09-13 16:59:57,935 autoreload 13284 17000 Watching for file changes with StatReloader
INFO 2023-09-14 10:57:51,667 autoreload 16764 19860 Watching for file changes with StatReloader
INFO 2023-09-14 10:57:55,961 views 16764 7536 index page log
INFO 2023-09-14 10:57:55,969 basehttp 16764 7536 "GET / HTTP/1.1" 200 40
WARNING 2023-09-14 10:57:56,208 log 16764 7536 Not Found: /favicon.ico
WARNING 2023-09-14 10:57:56,290 basehttp 16764 7536 "GET /favicon.ico HTTP/1.1" 404 3445
INFO 2023-09-14 10:58:12,491 basehttp 16764 17100 "GET /admin HTTP/1.1" 301 0
INFO 2023-09-14 10:58:12,514 basehttp 16764 15316 "GET /admin/ HTTP/1.1" 302 0
INFO 2023-09-14 10:58:12,604 basehttp 16764 15316 "GET /admin/login/?next=/admin/ HTTP/1.1" 200 4181
INFO 2023-09-14 10:58:12,851 basehttp 16764 15316 "GET /static/admin/css/base.css HTTP/1.1" 200 21207
INFO 2023-09-14 10:58:12,857 basehttp 16764 15316 "GET /static/admin/js/nav_sidebar.js HTTP/1.1" 200 3063
INFO 2023-09-14 10:58:12,915 basehttp 16764 1076 "GET /static/admin/css/nav_sidebar.css HTTP/1.1" 200 2694
INFO 2023-09-14 10:58:13,006 basehttp 16764 5736 "GET /static/admin/css/login.css HTTP/1.1" 200 958
INFO 2023-09-14 10:58:13,025 basehttp 16764 15108 "GET /static/admin/css/dark_mode.css HTTP/1.1" 200 2929
INFO 2023-09-14 10:58:13,070 basehttp 16764 8088 "GET /static/admin/js/theme.js HTTP/1.1" 200 1943
INFO 2023-09-14 10:58:13,109 basehttp 16764 16460 "GET /static/admin/css/responsive.css HTTP/1.1" 200 18533
INFO 2023-09-14 11:00:23,488 autoreload 16764 19860 C:\Users\TESO\Desktop\Lessions\Framework Django\myproject\myproject\settings.py changed, reloading.
INFO 2023-09-14 11:00:24,385 autoreload 6488 9692 Watching for file changes with StatReloader
INFO 2023-09-14 11:00:24,765 basehttp 6488 1828 "GET /admin/login/?next=/admin/ HTTP/1.1" 200 4267
INFO 2023-09-14 11:07:59,649 autoreload 13844 14232 Watching for file changes with StatReloader
INFO 2023-09-14 11:08:03,432 basehttp 13844 20416 "GET /admin/login/?next=/admin/ HTTP/1.1" 200 4267
INFO 2023-09-14 11:08:19,624 basehttp 13844 20416 "POST /admin/login/?next=/admin/ HTTP/1.1" 302 0
INFO 2023-09-14 11:08:19,644 basehttp 13844 20416 "GET /admin/ HTTP/1.1" 200 5852
INFO 2023-09-14 11:08:19,770 basehttp 13844 20416 "GET /static/admin/css/dashboard.css HTTP/1.1" 200 441
INFO 2023-09-14 11:08:19,776 basehttp 13844 20416 "GET /static/admin/img/icon-addlink.svg HTTP/1.1" 200 331
INFO 2023-09-14 11:08:19,776 basehttp 13844 20280 "GET /static/admin/img/icon-changelink.svg HTTP/1.1" 200 380
INFO 2023-09-14 11:22:17,373 autoreload 13844 14232 C:\Users\TESO\Desktop\Lessions\Framework Django\myproject\lecture_5\models.py changed, reloading.
INFO 2023-09-14 11:22:18,383 autoreload 18600 7796 Watching for file changes with StatReloader
INFO 2023-09-14 11:28:33,551 autoreload 14236 18732 Watching for file changes with StatReloader
INFO 2023-09-14 11:28:37,489 basehttp 14236 2128 "GET /admin/ HTTP/1.1" 200 7022
INFO 2023-09-14 11:45:03,099 autoreload 14236 18732 C:\Users\TESO\Desktop\Lessions\Framework Django\myproject\lecture_5\models.py changed, reloading.
INFO 2023-09-14 11:45:03,904 autoreload 19960 2900 Watching for file changes with StatReloader
INFO 2023-09-14 12:03:19,021 autoreload 19960 2900 C:\Users\TESO\Desktop\Lessions\Framework Django\myproject\lecture_5\models.py changed, reloading.
INFO 2023-09-14 12:03:20,056 autoreload 19980 18420 Watching for file changes with StatReloader
INFO 2023-09-14 12:09:16,973 autoreload 18308 4228 Watching for file changes with StatReloader
INFO 2023-09-14 12:09:23,278 basehttp 18308 19536 "GET /admin/ HTTP/1.1" 200 7022
INFO 2023-09-14 12:09:39,845 basehttp 18308 19536 "GET /admin/lecture_5/product/ HTTP/1.1" 200 8172
INFO 2023-09-14 12:09:39,867 basehttp 18308 7784 "GET /admin/jsi18n/ HTTP/1.1" 200 16066
INFO 2023-09-14 12:09:40,115 basehttp 18308 19536 "GET /static/admin/css/changelists.css HTTP/1.1" 200 6566
INFO 2023-09-14 12:09:40,121 basehttp 18308 19536 "GET /static/admin/js/urlify.js HTTP/1.1" 200 7887
INFO 2023-09-14 12:09:40,123 basehttp 18308 19536 "GET /static/admin/js/prepopulate.js HTTP/1.1" 200 1531
INFO 2023-09-14 12:09:40,127 basehttp 18308 19536 "GET /static/admin/js/vendor/xregexp/xregexp.js HTTP/1.1" 200 232381
INFO 2023-09-14 12:09:40,163 basehttp 18308 20024 "GET /static/admin/js/vendor/jquery/jquery.js HTTP/1.1" 200 292458
INFO 2023-09-14 12:09:40,244 basehttp 18308 18472 "GET /static/admin/js/jquery.init.js HTTP/1.1" 200 347
INFO 2023-09-14 12:09:40,264 basehttp 18308 18072 "GET /static/admin/js/core.js HTTP/1.1" 200 5682
INFO 2023-09-14 12:09:40,339 basehttp 18308 7784 "GET /static/admin/js/actions.js HTTP/1.1" 200 7872
INFO 2023-09-14 12:09:40,342 basehttp 18308 7784 "GET /static/admin/js/filters.js HTTP/1.1" 200 978
INFO 2023-09-14 12:09:40,354 basehttp 18308 6992 "GET /static/admin/js/admin/RelatedObjectLookups.js HTTP/1.1" 200 8943
INFO 2023-09-14 12:09:40,367 basehttp 18308 6992 "GET /static/admin/img/tooltag-add.svg HTTP/1.1" 200 331
INFO 2023-09-14 12:09:44,372 basehttp 18308 6992 "GET /admin/lecture_5/product/add/ HTTP/1.1" 200 13318
INFO 2023-09-14 12:09:44,384 basehttp 18308 6992 "GET /static/admin/css/forms.css HTTP/1.1" 200 9047
INFO 2023-09-14 12:09:44,389 basehttp 18308 7784 "GET /admin/jsi18n/ HTTP/1.1" 200 16066
INFO 2023-09-14 12:09:44,397 basehttp 18308 7784 "GET /static/admin/js/prepopulate_init.js HTTP/1.1" 200 586
INFO 2023-09-14 12:09:44,398 basehttp 18308 6992 "GET /static/admin/css/widgets.css HTTP/1.1" 200 11900
INFO 2023-09-14 12:09:44,401 basehttp 18308 7784 "GET /static/admin/img/icon-viewlink.svg HTTP/1.1" 200 581
INFO 2023-09-14 12:09:44,404 basehttp 18308 6992 "GET /static/admin/js/change_form.js HTTP/1.1" 200 606
INFO 2023-09-14 12:09:58,002 basehttp 18308 6992 "GET /admin/lecture_5/category/add/?_to_field=id&_popup=1 HTTP/1.1" 200 4481
INFO 2023-09-14 12:09:58,032 basehttp 18308 6992 "GET /admin/jsi18n/ HTTP/1.1" 200 16066
INFO 2023-09-14 12:10:05,527 basehttp 18308 6992 "POST /admin/lecture_5/category/add/?_to_field=id&_popup=1 HTTP/1.1" 200 397
INFO 2023-09-14 12:10:05,534 basehttp 18308 6992 "GET /static/admin/js/popup_response.js HTTP/1.1" 200 551
INFO 2023-09-14 12:10:37,527 basehttp 18308 6992 "POST /admin/lecture_5/product/add/ HTTP/1.1" 302 0
INFO 2023-09-14 12:10:37,549 basehttp 18308 6992 "GET /admin/lecture_5/product/ HTTP/1.1" 200 9652
INFO 2023-09-14 12:10:37,564 basehttp 18308 6992 "GET /admin/jsi18n/ HTTP/1.1" 200 16066
INFO 2023-09-14 12:10:37,580 basehttp 18308 6992 "GET /static/admin/img/icon-yes.svg HTTP/1.1" 200 436
INFO 2023-09-14 12:12:43,327 autoreload 18308 4228 C:\Users\TESO\Desktop\Lessions\Framework Django\myproject\lecture_5\admin.py changed, reloading.
INFO 2023-09-14 12:12:44,039 autoreload 3008 10320 Watching for file changes with StatReloader
INFO 2023-09-14 12:13:46,725 autoreload 3008 10320 C:\Users\TESO\Desktop\Lessions\Framework Django\myproject\lecture_5\admin.py changed, reloading.
INFO 2023-09-14 12:13:47,534 autoreload 18420 2344 Watching for file changes with StatReloader
INFO 2023-09-14 12:14:11,832 basehttp 18420 1188 "GET /admin/lecture_5/product/ HTTP/1.1" 200 9811
INFO 2023-09-14 12:14:11,854 basehttp 18420 1188 "GET /admin/jsi18n/ HTTP/1.1" 200 16066
INFO 2023-09-14 12:16:03,000 autoreload 18420 2344 C:\Users\TESO\Desktop\Lessions\Framework Django\myproject\lecture_5\admin.py changed, reloading.
INFO 2023-09-14 12:16:03,765 autoreload 7356 5080 Watching for file changes with StatReloader
INFO 2023-09-14 12:16:07,943 basehttp 7356 3748 "GET /admin/lecture_5/product/ HTTP/1.1" 200 10601
INFO 2023-09-14 12:16:07,975 basehttp 7356 3748 "GET /admin/jsi18n/ HTTP/1.1" 200 16066
INFO 2023-09-14 12:16:08,146 basehttp 7356 3748 "GET /static/admin/img/sorting-icons.svg HTTP/1.1" 200 1097
INFO 2023-09-14 12:17:45,472 autoreload 7356 5080 C:\Users\TESO\Desktop\Lessions\Framework Django\myproject\lecture_5\admin.py changed, reloading.
INFO 2023-09-14 12:17:46,166 autoreload 14484 3864 Watching for file changes with StatReloader
INFO 2023-09-14 12:18:28,683 autoreload 14484 3864 C:\Users\TESO\Desktop\Lessions\Framework Django\myproject\lecture_5\admin.py changed, reloading.
INFO 2023-09-14 12:18:29,350 autoreload 10384 19960 Watching for file changes with StatReloader
INFO 2023-09-14 12:18:33,702 basehttp 10384 18596 "GET /admin/lecture_5/product/ HTTP/1.1" 200 11783
INFO 2023-09-14 12:18:33,721 basehttp 10384 18596 "GET /admin/jsi18n/ HTTP/1.1" 200 16066
INFO 2023-09-14 12:21:15,159 autoreload 10384 19960 C:\Users\TESO\Desktop\Lessions\Framework Django\myproject\lecture_5\admin.py changed, reloading.
INFO 2023-09-14 12:21:15,847 autoreload 5736 15328 Watching for file changes with StatReloader
INFO 2023-09-14 12:21:19,595 basehttp 5736 9660 "GET /admin/lecture_5/product/ HTTP/1.1" 200 12259
INFO 2023-09-14 12:21:19,618 basehttp 5736 9660 "GET /admin/jsi18n/ HTTP/1.1" 200 16066
INFO 2023-09-14 12:21:19,749 basehttp 5736 9788 "GET /static/admin/img/search.svg HTTP/1.1" 200 458
INFO 2023-09-14 12:25:49,076 autoreload 5736 15328 C:\Users\TESO\Desktop\Lessions\Framework Django\myproject\lecture_5\admin.py changed, reloading.
INFO 2023-09-14 12:25:49,829 autoreload 3784 9256 Watching for file changes with StatReloader
INFO 2023-09-14 12:27:51,147 autoreload 3784 9256 C:\Users\TESO\Desktop\Lessions\Framework Django\myproject\lecture_5\admin.py changed, reloading.
INFO 2023-09-14 12:27:51,914 autoreload 19268 17076 Watching for file changes with StatReloader
INFO 2023-09-14 12:30:28,829 basehttp 19268 19712 "GET /admin/lecture_5/product/1/change/ HTTP/1.1" 200 13618
INFO 2023-09-14 12:30:28,854 basehttp 19268 19712 "GET /admin/jsi18n/ HTTP/1.1" 200 16066
INFO 2023-09-14 12:32:49,256 autoreload 19268 17076 C:\Users\TESO\Desktop\Lessions\Framework Django\myproject\lecture_5\admin.py changed, reloading.
INFO 2023-09-14 12:32:50,070 autoreload 20244 15244 Watching for file changes with StatReloader
INFO 2023-09-14 12:34:00,903 basehttp 20244 19060 "GET /admin/lecture_5/product/1/change/ HTTP/1.1" 200 13570
INFO 2023-09-14 12:34:00,929 basehttp 20244 19060 "GET /admin/jsi18n/ HTTP/1.1" 200 16066
INFO 2023-09-14 12:34:42,697 autoreload 20244 15244 C:\Users\TESO\Desktop\Lessions\Framework Django\myproject\lecture_5\admin.py changed, reloading.
INFO 2023-09-14 12:34:43,798 autoreload 19648 18788 Watching for file changes with StatReloader
INFO 2023-09-14 12:37:54,739 autoreload 19648 18788 C:\Users\TESO\Desktop\Lessions\Framework Django\myproject\lecture_5\admin.py changed, reloading.
INFO 2023-09-14 12:37:55,608 autoreload 4164 2408 Watching for file changes with StatReloader
INFO 2023-09-14 12:41:52,774 autoreload 4164 2408 C:\Users\TESO\Desktop\Lessions\Framework Django\myproject\lecture_5\admin.py changed, reloading.
INFO 2023-09-14 12:41:53,705 autoreload 19380 13360 Watching for file changes with StatReloader
INFO 2023-09-14 12:42:00,156 basehttp 19380 9708 "GET /admin/lecture_5/product/1/change/ HTTP/1.1" 200 14695
INFO 2023-09-14 12:42:00,180 basehttp 19380 10512 "GET /admin/jsi18n/ HTTP/1.1" 200 16066
INFO 2023-09-14 12:42:00,308 basehttp 19380 9708 "GET /static/admin/js/collapse.js HTTP/1.1" 200 1803
INFO 2023-09-14 15:36:05,048 autoreload 19380 13360 C:\Users\TESO\Desktop\Lessions\Framework Django\myproject\lecture_5\admin.py changed, reloading.
INFO 2023-09-14 15:36:05,806 autoreload 20404 16860 Watching for file changes with StatReloader
INFO 2023-09-14 15:37:22,697 autoreload 20404 16860 C:\Users\TESO\Desktop\Lessions\Framework Django\myproject\lecture_5\admin.py changed, reloading.
INFO 2023-09-14 15:37:23,349 autoreload 10492 18828 Watching for file changes with StatReloader
INFO 2023-09-14 15:38:16,669 autoreload 10492 18828 C:\Users\TESO\Desktop\Lessions\Framework Django\myproject\lecture_5\admin.py changed, reloading.
INFO 2023-09-14 15:38:17,363 autoreload 21324 18256 Watching for file changes with StatReloader
INFO 2023-09-14 15:38:52,086 autoreload 21324 18256 C:\Users\TESO\Desktop\Lessions\Framework Django\myproject\lecture_5\admin.py changed, reloading.
INFO 2023-09-14 15:38:52,759 autoreload 20652 21456 Watching for file changes with StatReloader
INFO 2023-09-14 15:40:29,984 autoreload 20652 21456 C:\Users\TESO\Desktop\Lessions\Framework Django\myproject\lecture_5\admin.py changed, reloading.
INFO 2023-09-14 15:40:30,636 autoreload 15316 2732 Watching for file changes with StatReloader
INFO 2023-09-14 15:41:55,236 autoreload 15316 2732 C:\Users\TESO\Desktop\Lessions\Framework Django\myproject\lecture_5\admin.py changed, reloading.
INFO 2023-09-14 15:41:55,944 autoreload 4292 16544 Watching for file changes with StatReloader
INFO 2023-09-14 15:42:54,614 autoreload 4292 16544 C:\Users\TESO\Desktop\Lessions\Framework Django\myproject\lecture_5\admin.py changed, reloading.
INFO 2023-09-14 15:42:55,264 autoreload 21380 4952 Watching for file changes with StatReloader
INFO 2023-09-14 15:43:18,510 autoreload 21380 4952 C:\Users\TESO\Desktop\Lessions\Framework Django\myproject\lecture_5\admin.py changed, reloading.
INFO 2023-09-14 15:43:19,166 autoreload 21036 19884 Watching for file changes with StatReloader
INFO 2023-09-14 15:48:12,622 autoreload 21036 19884 C:\Users\TESO\Desktop\Lessions\Framework Django\myproject\lecture_5\admin.py changed, reloading.
INFO 2023-09-14 15:48:13,284 autoreload 20788 20176 Watching for file changes with StatReloader
INFO 2023-09-14 15:58:51,802 autoreload 20788 20176 C:\Users\TESO\Desktop\Lessions\Framework Django\myproject\hw_4\admin.py changed, reloading.
INFO 2023-09-14 15:58:52,818 autoreload 19896 10192 Watching for file changes with StatReloader
INFO 2023-09-14 15:59:05,039 basehttp 19896 18404 "GET /admin/ HTTP/1.1" 200 7799
INFO 2023-09-14 15:59:08,552 basehttp 19896 18404 "GET /admin/hw_4/client/ HTTP/1.1" 200 11168
INFO 2023-09-14 15:59:08,572 basehttp 19896 18404 "GET /admin/jsi18n/ HTTP/1.1" 200 16066
INFO 2023-09-14 15:59:15,547 basehttp 19896 18404 "GET /admin/hw_4/client/8/change/ HTTP/1.1" 200 13504
INFO 2023-09-14 15:59:15,563 basehttp 19896 18404 "GET /admin/jsi18n/ HTTP/1.1" 200 16066
INFO 2023-09-14 15:59:15,723 basehttp 19896 18404 "GET /static/admin/img/tooltag-arrowright.svg HTTP/1.1" 200 280
INFO 2023-09-14 16:10:05,891 autoreload 19896 10192 C:\Users\TESO\Desktop\Lessions\Framework Django\myproject\hw_4\models.py changed, reloading.
INFO 2023-09-14 16:10:06,939 autoreload 10764 9152 Watching for file changes with StatReloader
INFO 2023-09-14 16:10:10,771 basehttp 10764 20492 "GET /admin/hw_4/client/8/change/ HTTP/1.1" 200 13807
INFO 2023-09-14 16:10:10,801 basehttp 10764 20492 "GET /admin/jsi18n/ HTTP/1.1" 200 16066
INFO 2023-09-14 16:10:12,772 basehttp 10764 20492 "GET /admin/hw_4/product/ HTTP/1.1" 200 9148
INFO 2023-09-14 16:10:12,789 basehttp 10764 20492 "GET /admin/jsi18n/ HTTP/1.1" 200 16066
INFO 2023-09-14 16:10:16,534 basehttp 10764 20492 "GET /admin/hw_4/product/add/ HTTP/1.1" 200 12855
INFO 2023-09-14 16:10:16,550 basehttp 10764 20492 "GET /admin/jsi18n/ HTTP/1.1" 200 16066
INFO 2023-09-14 16:13:20,641 views 10764 20492 index page log
INFO 2023-09-14 16:13:20,649 basehttp 10764 20492 "GET / HTTP/1.1" 200 40
INFO 2023-09-14 16:13:27,880 basehttp 10764 20492 "GET /admin/ HTTP/1.1" 200 8241
INFO 2023-09-14 16:13:31,121 basehttp 10764 20492 "GET /admin/hw_4/product/ HTTP/1.1" 200 9148
INFO 2023-09-14 16:13:31,143 basehttp 10764 20492 "GET /admin/jsi18n/ HTTP/1.1" 200 16066
INFO 2023-09-14 16:13:33,491 basehttp 10764 20492 "GET /admin/hw_4/product/add/ HTTP/1.1" 200 12855
INFO 2023-09-14 16:13:33,506 basehttp 10764 20492 "GET /admin/jsi18n/ HTTP/1.1" 200 16066
INFO 2023-09-14 16:14:06,517 basehttp 10764 20492 "POST /admin/hw_4/product/add/ HTTP/1.1" 302 0
INFO 2023-09-14 16:14:06,539 basehttp 10764 20492 "GET /admin/hw_4/product/ HTTP/1.1" 200 12623
INFO 2023-09-14 16:14:06,558 basehttp 10764 20492 "GET /admin/jsi18n/ HTTP/1.1" 200 16066
INFO 2023-09-14 16:14:10,646 basehttp 10764 20492 "GET /admin/hw_4/product/ HTTP/1.1" 200 11959
INFO 2023-09-14 16:14:10,661 basehttp 10764 20492 "GET /admin/jsi18n/ HTTP/1.1" 200 16066
INFO 2023-09-14 16:14:12,943 basehttp 10764 20492 "GET /admin/hw_4/product/1/change/ HTTP/1.1" 200 14900
INFO 2023-09-14 16:14:12,958 basehttp 10764 20492 "GET /admin/jsi18n/ HTTP/1.1" 200 16066
INFO 2023-09-14 16:15:41,810 basehttp 10764 20492 "GET /admin/hw_4/product/1/change/ HTTP/1.1" 200 14900
INFO 2023-09-14 16:15:41,842 basehttp 10764 20492 "GET /admin/jsi18n/ HTTP/1.1" 200 16066
INFO 2023-09-14 16:15:46,287 basehttp 10764 20492 "GET /media/products/%D1%8F%D1%80%D0%BB%D1%8B%D0%BA.ico HTTP/1.1" 200 116703
INFO 2023-09-14 16:15:56,992 basehttp 10764 20492 "GET /admin/hw_4/product/1/change/ HTTP/1.1" 200 14900
ERROR 2023-09-14 16:16:04,192 log 10764 20492 Internal Server Error: /admin/r/13/1/
Traceback (most recent call last):
  File "C:\Users\TESO\Desktop\Lessions\Framework Django\venv\lib\site-packages\django\urls\base.py", line 71, in reverse
    extra, resolver = resolver.namespace_dict[ns]
KeyError: 'hw_4'

During handling of the above exception, another exception occurred:

Traceback (most recent call last):
  File "C:\Users\TESO\Desktop\Lessions\Framework Django\venv\lib\site-packages\django\core\handlers\exception.py", line 55, in inner
    response = get_response(request)
  File "C:\Users\TESO\Desktop\Lessions\Framework Django\venv\lib\site-packages\django\core\handlers\base.py", line 197, in _get_response
    response = wrapped_callback(request, *callback_args, **callback_kwargs)
  File "C:\Users\TESO\Desktop\Lessions\Framework Django\venv\lib\site-packages\django\contrib\admin\sites.py", line 261, in wrapper
    return self.admin_view(view, cacheable)(*args, **kwargs)
  File "C:\Users\TESO\Desktop\Lessions\Framework Django\venv\lib\site-packages\django\utils\decorators.py", line 134, in _wrapper_view
    response = view_func(request, *args, **kwargs)
  File "C:\Users\TESO\Desktop\Lessions\Framework Django\venv\lib\site-packages\django\views\decorators\cache.py", line 62, in _wrapper_view_func
    response = view_func(request, *args, **kwargs)
  File "C:\Users\TESO\Desktop\Lessions\Framework Django\venv\lib\site-packages\django\contrib\admin\sites.py", line 242, in inner
    return view(request, *args, **kwargs)
  File "C:\Users\TESO\Desktop\Lessions\Framework Django\venv\lib\site-packages\django\contrib\contenttypes\views.py", line 35, in shortcut
    absurl = get_absolute_url()
  File "C:\Users\TESO\Desktop\Lessions\Framework Django\myproject\hw_4\models.py", line 40, in get_absolute_url
    return reverse('hw_4:product_detail', kwargs={'pk': self.pk})
  File "C:\Users\TESO\Desktop\Lessions\Framework Django\venv\lib\site-packages\django\urls\base.py", line 82, in reverse
    raise NoReverseMatch("%s is not a registered namespace" % key)
django.urls.exceptions.NoReverseMatch: 'hw_4' is not a registered namespace
ERROR 2023-09-14 16:16:04,197 basehttp 10764 20492 "GET /admin/r/13/1/ HTTP/1.1" 500 107952
INFO 2023-09-14 16:16:13,772 basehttp 10764 20492 "GET /admin/hw_4/product/1/change/ HTTP/1.1" 200 14900
INFO 2023-09-14 16:21:22,348 autoreload 10764 9152 C:\Users\TESO\Desktop\Lessions\Framework Django\myproject\hw_4\admin.py changed, reloading.
INFO 2023-09-14 16:21:23,637 autoreload 10676 21472 Watching for file changes with StatReloader
INFO 2023-09-14 16:22:12,518 autoreload 10676 21472 C:\Users\TESO\Desktop\Lessions\Framework Django\myproject\hw_4\admin.py changed, reloading.
INFO 2023-09-14 16:22:13,195 autoreload 19292 12220 Watching for file changes with StatReloader
INFO 2023-09-14 16:22:37,109 autoreload 19292 12220 C:\Users\TESO\Desktop\Lessions\Framework Django\myproject\hw_4\admin.py changed, reloading.
INFO 2023-09-14 16:22:38,343 autoreload 19388 20496 Watching for file changes with StatReloader
WARNING 2023-09-14 17:12:46,936 log 19388 16936 Not Found: /favicon.ico
WARNING 2023-09-14 17:12:46,937 basehttp 19388 16936 "GET /favicon.ico HTTP/1.1" 404 3445
INFO 2023-09-14 17:15:50,828 autoreload 19388 20496 C:\Users\TESO\Desktop\Lessions\Framework Django\myproject\hw_4\admin.py changed, reloading.
INFO 2023-09-14 17:15:52,010 autoreload 22472 2528 Watching for file changes with StatReloader
INFO 2023-09-14 17:24:56,550 autoreload 22472 2528 C:\Users\TESO\Desktop\Lessions\Framework Django\myproject\hw_4\admin.py changed, reloading.
INFO 2023-09-14 17:24:57,263 autoreload 10636 3784 Watching for file changes with StatReloader
INFO 2023-09-14 17:25:04,888 basehttp 10636 17860 "GET /admin/hw_4/product/1/change/ HTTP/1.1" 200 15195
INFO 2023-09-14 17:25:04,918 basehttp 10636 17860 "GET /admin/jsi18n/ HTTP/1.1" 200 16066
INFO 2023-09-14 17:25:07,874 basehttp 10636 17860 "GET /admin/hw_4/order/ HTTP/1.1" 200 9403
INFO 2023-09-14 17:25:07,903 basehttp 10636 17860 "GET /admin/jsi18n/ HTTP/1.1" 200 16066
INFO 2023-09-14 17:25:10,003 basehttp 10636 17860 "GET /admin/hw_4/order/add/ HTTP/1.1" 200 14059
INFO 2023-09-14 17:25:10,025 basehttp 10636 17860 "GET /admin/jsi18n/ HTTP/1.1" 200 16066
INFO 2023-09-14 17:25:35,777 basehttp 10636 17860 "GET /admin/hw_4/product/add/?_to_field=id&_popup=1 HTTP/1.1" 200 7818
INFO 2023-09-14 17:25:35,800 basehttp 10636 17860 "GET /admin/jsi18n/ HTTP/1.1" 200 16066
INFO 2023-09-14 17:28:10,376 autoreload 10636 3784 C:\Users\TESO\Desktop\Lessions\Framework Django\myproject\hw_4\admin.py changed, reloading.
INFO 2023-09-14 17:28:11,084 autoreload 10400 3596 Watching for file changes with StatReloader
INFO 2023-09-14 17:28:16,554 basehttp 10400 22012 "POST /admin/hw_4/order/add/ HTTP/1.1" 302 0
INFO 2023-09-14 17:28:16,618 basehttp 10400 22012 "GET /admin/hw_4/order/ HTTP/1.1" 200 12752
INFO 2023-09-14 17:28:16,637 basehttp 10400 22012 "GET /admin/jsi18n/ HTTP/1.1" 200 16066
INFO 2023-09-14 17:28:20,142 basehttp 10400 22012 "GET /admin/hw_4/order/ HTTP/1.1" 200 12374
INFO 2023-09-14 17:28:20,160 basehttp 10400 22012 "GET /admin/jsi18n/ HTTP/1.1" 200 16066
INFO 2023-09-14 17:28:34,017 basehttp 10400 22012 "GET /admin/hw_4/order/1/change/ HTTP/1.1" 200 15138
INFO 2023-09-14 17:28:34,032 basehttp 10400 22012 "GET /admin/jsi18n/ HTTP/1.1" 200 16066
INFO 2023-09-14 17:29:25,799 basehttp 10400 22012 "GET /admin/hw_4/product/add/ HTTP/1.1" 200 13150
INFO 2023-09-14 17:29:25,818 basehttp 10400 22012 "GET /admin/jsi18n/ HTTP/1.1" 200 16066
INFO 2023-09-14 17:30:04,750 basehttp 10400 22012 "POST /admin/hw_4/product/add/ HTTP/1.1" 302 0
INFO 2023-09-14 17:30:04,777 basehttp 10400 22012 "GET /admin/hw_4/product/ HTTP/1.1" 200 12847
INFO 2023-09-14 17:30:04,807 basehttp 10400 22012 "GET /admin/jsi18n/ HTTP/1.1" 200 16066
INFO 2023-09-14 17:30:07,305 basehttp 10400 22012 "GET /admin/hw_4/order/ HTTP/1.1" 200 12374
INFO 2023-09-14 17:30:07,322 basehttp 10400 22012 "GET /admin/jsi18n/ HTTP/1.1" 200 16066
INFO 2023-09-14 17:30:08,570 basehttp 10400 22012 "GET /admin/hw_4/order/1/change/ HTTP/1.1" 200 15287
INFO 2023-09-14 17:30:08,586 basehttp 10400 22012 "GET /admin/jsi18n/ HTTP/1.1" 200 16066
INFO 2023-09-14 17:30:48,343 basehttp 10400 22012 "GET /admin/hw_4/order/add/ HTTP/1.1" 200 14418
INFO 2023-09-14 17:30:48,372 basehttp 10400 22012 "GET /admin/jsi18n/ HTTP/1.1" 200 16066
INFO 2023-09-14 17:31:03,244 basehttp 10400 22012 "GET /admin/hw_4/order/1/change/ HTTP/1.1" 200 15287
INFO 2023-09-17 16:06:48,835 autoreload 10724 20576 Watching for file changes with StatReloader
INFO 2023-09-17 16:06:53,273 views 10724 18848 index page log
INFO 2023-09-17 16:06:53,390 basehttp 10724 18848 "GET / HTTP/1.1" 200 40
WARNING 2023-09-17 16:06:53,592 log 10724 18848 Not Found: /favicon.ico
WARNING 2023-09-17 16:06:53,596 basehttp 10724 18848 "GET /favicon.ico HTTP/1.1" 404 13321
WARNING 2023-09-17 16:06:55,818 log 10724 19448 Not Found: /favicon.ico
WARNING 2023-09-17 16:06:55,819 basehttp 10724 19448 "GET /favicon.ico HTTP/1.1" 404 13321
INFO 2023-09-17 16:07:11,387 views 10724 4804 index page log
INFO 2023-09-17 16:07:11,410 basehttp 10724 4804 "GET / HTTP/1.1" 200 40
INFO 2023-09-17 16:07:25,951 views 10724 4804 index page log
INFO 2023-09-17 16:07:25,973 basehttp 10724 4804 "GET / HTTP/1.1" 200 40
INFO 2023-09-17 16:07:49,415 views 10724 4804 index page log
INFO 2023-09-17 16:07:49,438 basehttp 10724 4804 "GET / HTTP/1.1" 200 40
INFO 2023-09-17 16:08:13,715 views 10724 21084 index page log
INFO 2023-09-17 16:08:13,732 basehttp 10724 21084 "GET / HTTP/1.1" 200 40
WARNING 2023-09-17 16:08:13,822 log 10724 21084 Not Found: /favicon.ico
WARNING 2023-09-17 16:08:13,823 basehttp 10724 21084 "GET /favicon.ico HTTP/1.1" 404 13321
INFO 2023-09-17 16:08:29,508 views 10724 9188 index page log
INFO 2023-09-17 16:08:29,528 basehttp 10724 9188 "GET / HTTP/1.1" 200 40
INFO 2023-09-17 16:10:39,820 autoreload 10724 20576 C:\Users\TESO\Desktop\Lessions\Framework Django\myproject\myproject\settings.py changed, reloading.
INFO 2023-09-17 16:10:40,715 autoreload 17396 20444 Watching for file changes with StatReloader
INFO 2023-09-17 16:14:47,248 autoreload 8400 11824 Watching for file changes with StatReloader
INFO 2023-09-17 16:15:10,383 views 8400 4976 index page log
INFO 2023-09-17 16:15:10,430 basehttp 8400 4976 "GET / HTTP/1.1" 200 40
INFO 2023-09-17 16:15:43,766 basehttp 8400 4976 "GET /admin/ HTTP/1.1" 200 19890
INFO 2023-09-17 16:15:43,775 basehttp 8400 4976 "GET /static/admin/css/base.css HTTP/1.1" 304 0
INFO 2023-09-17 16:15:43,775 basehttp 8400 10252 "GET /static/admin/css/dark_mode.css HTTP/1.1" 304 0
INFO 2023-09-17 16:15:43,782 basehttp 8400 10252 "GET /static/admin/css/nav_sidebar.css HTTP/1.1" 304 0
INFO 2023-09-17 16:15:43,783 basehttp 8400 4976 "GET /static/debug_toolbar/css/toolbar.css HTTP/1.1" 200 12621
INFO 2023-09-17 16:15:43,786 basehttp 8400 10252 "GET /static/admin/js/nav_sidebar.js HTTP/1.1" 304 0
INFO 2023-09-17 16:15:43,794 basehttp 8400 4976 "GET /static/admin/js/theme.js HTTP/1.1" 304 0
INFO 2023-09-17 16:15:43,794 basehttp 8400 12244 "GET /static/admin/css/dashboard.css HTTP/1.1" 304 0
INFO 2023-09-17 16:15:43,798 basehttp 8400 18648 "GET /static/admin/css/responsive.css HTTP/1.1" 304 0
INFO 2023-09-17 16:15:43,799 basehttp 8400 20516 "GET /static/debug_toolbar/css/print.css HTTP/1.1" 200 43
INFO 2023-09-17 16:15:43,799 basehttp 8400 20912 "GET /static/debug_toolbar/js/toolbar.js HTTP/1.1" 200 13404
INFO 2023-09-17 16:15:43,804 basehttp 8400 20516 "GET /static/debug_toolbar/js/utils.js HTTP/1.1" 200 4527
INFO 2023-09-17 16:15:43,807 basehttp 8400 20516 "GET /static/admin/img/icon-addlink.svg HTTP/1.1" 304 0
INFO 2023-09-17 16:15:43,808 basehttp 8400 20912 "GET /static/admin/img/icon-changelink.svg HTTP/1.1" 304 0
INFO 2023-09-17 16:16:00,163 views 8400 20912 index page log
INFO 2023-09-17 16:16:00,186 basehttp 8400 20912 "GET / HTTP/1.1" 200 40
INFO 2023-09-17 16:16:07,668 basehttp 8400 20912 "GET /admin/ HTTP/1.1" 200 19889
INFO 2023-09-17 16:16:21,061 basehttp 8400 20912 "GET /__debug__/render_panel/?store_id=7aadf4b0886e4a6bba5358c4f3e9de85&panel_id=VersionsPanel HTTP/1.1" 200 761
INFO 2023-09-17 16:17:44,075 basehttp 8400 20912 "GET /__debug__/render_panel/?store_id=7aadf4b0886e4a6bba5358c4f3e9de85&panel_id=RequestPanel HTTP/1.1" 200 2330
INFO 2023-09-17 16:18:21,305 basehttp 8400 20912 "GET /__debug__/render_panel/?store_id=7aadf4b0886e4a6bba5358c4f3e9de85&panel_id=SQLPanel HTTP/1.1" 200 53323
INFO 2023-09-17 16:19:24,518 basehttp 8400 20912 "GET /__debug__/render_panel/?store_id=7aadf4b0886e4a6bba5358c4f3e9de85&panel_id=StaticFilesPanel HTTP/1.1" 200 37102
INFO 2023-09-17 16:19:43,632 basehttp 8400 20912 "GET /__debug__/render_panel/?store_id=7aadf4b0886e4a6bba5358c4f3e9de85&panel_id=TemplatesPanel HTTP/1.1" 200 77433
INFO 2023-09-17 16:20:16,302 basehttp 8400 20912 "GET /__debug__/render_panel/?store_id=7aadf4b0886e4a6bba5358c4f3e9de85&panel_id=CachePanel HTTP/1.1" 200 1737
INFO 2023-09-17 16:20:17,314 basehttp 8400 20912 "GET /__debug__/render_panel/?store_id=7aadf4b0886e4a6bba5358c4f3e9de85&panel_id=SignalsPanel HTTP/1.1" 200 2346
INFO 2023-09-18 00:17:17,853 autoreload 10388 5560 Watching for file changes with StatReloader
INFO 2023-09-18 00:17:41,796 basehttp 10388 10956 "GET /lecture_6/db/ HTTP/1.1" 200 10173
INFO 2023-09-18 00:17:41,809 basehttp 10388 9160 "GET /static/debug_toolbar/js/toolbar.js HTTP/1.1" 304 0
INFO 2023-09-18 00:17:41,810 basehttp 10388 10956 "GET /static/debug_toolbar/css/toolbar.css HTTP/1.1" 304 0
INFO 2023-09-18 00:17:41,819 basehttp 10388 10956 "GET /static/debug_toolbar/css/print.css HTTP/1.1" 304 0
INFO 2023-09-18 00:17:41,850 basehttp 10388 10956 "GET /static/debug_toolbar/js/utils.js HTTP/1.1" 304 0
INFO 2023-09-18 00:19:32,531 basehttp 10388 10956 "GET /__debug__/render_panel/?store_id=7a52bb79f2bf4c059885af2899afe73f&panel_id=SQLPanel HTTP/1.1" 200 33301
INFO 2023-09-18 00:20:13,389 basehttp 10388 10956 "GET /lecture_6/view/ HTTP/1.1" 200 10601
INFO 2023-09-18 00:20:21,005 basehttp 10388 10956 "GET /__debug__/render_panel/?store_id=840caa0eedb14a2f91f7ccd26482369d&panel_id=SQLPanel HTTP/1.1" 200 36272
INFO 2023-09-18 00:20:39,760 basehttp 10388 10956 "GET /__debug__/render_panel/?store_id=840caa0eedb14a2f91f7ccd26482369d&panel_id=ProfilingPanel HTTP/1.1" 200 45038
INFO 2023-09-18 00:21:17,765 basehttp 10388 10956 "GET /lecture_6/template/ HTTP/1.1" 200 10585
INFO 2023-09-18 00:21:23,031 basehttp 10388 10956 "GET /__debug__/render_panel/?store_id=643082d465ec48ef965d8d5e1b98f4f2&panel_id=SQLPanel HTTP/1.1" 200 55701
INFO 2023-09-18 00:22:17,782 basehttp 10388 10956 "GET /__debug__/render_panel/?store_id=643082d465ec48ef965d8d5e1b98f4f2&panel_id=ProfilingPanel HTTP/1.1" 200 35030
INFO 2023-09-18 00:24:00,061 basehttp 10388 10956 "GET /__debug__/render_panel/?store_id=643082d465ec48ef965d8d5e1b98f4f2&panel_id=HistoryPanel HTTP/1.1" 200 5820
INFO 2023-09-18 00:24:00,066 basehttp 10388 10956 "GET /static/debug_toolbar/js/history.js HTTP/1.1" 200 3330
INFO 2023-09-18 00:24:05,354 basehttp 10388 10956 "GET /__debug__/history_sidebar/?store_id=840caa0eedb14a2f91f7ccd26482369d&exclude_history=True HTTP/1.1" 200 11371
INFO 2023-09-18 00:24:07,381 basehttp 10388 10956 "GET /__debug__/history_sidebar/?store_id=7a52bb79f2bf4c059885af2899afe73f&exclude_history=True HTTP/1.1" 200 10785
INFO 2023-09-18 00:24:09,018 basehttp 10388 10956 "GET /__debug__/history_sidebar/?store_id=840caa0eedb14a2f91f7ccd26482369d&exclude_history=True HTTP/1.1" 200 11371
INFO 2023-09-18 00:24:10,537 basehttp 10388 10956 "GET /__debug__/history_sidebar/?store_id=643082d465ec48ef965d8d5e1b98f4f2&exclude_history=True HTTP/1.1" 200 11375
INFO 2023-09-18 00:24:12,722 basehttp 10388 10956 "GET /__debug__/history_sidebar/?store_id=840caa0eedb14a2f91f7ccd26482369d&exclude_history=True HTTP/1.1" 200 11371
INFO 2023-09-18 00:24:13,955 basehttp 10388 10956 "GET /__debug__/history_sidebar/?store_id=7a52bb79f2bf4c059885af2899afe73f&exclude_history=True HTTP/1.1" 200 10785
INFO 2023-09-18 00:24:24,001 basehttp 10388 10956 "GET /__debug__/history_sidebar/?store_id=840caa0eedb14a2f91f7ccd26482369d&exclude_history=True HTTP/1.1" 200 11371
INFO 2023-09-18 00:24:24,893 basehttp 10388 10956 "GET /__debug__/history_sidebar/?store_id=643082d465ec48ef965d8d5e1b98f4f2&exclude_history=True HTTP/1.1" 200 11375
INFO 2023-09-21 14:55:51,025 autoreload 22784 7000 Watching for file changes with StatReloader
INFO 2023-09-21 14:55:57,168 views 22784 21608 index page log
INFO 2023-09-21 14:55:57,235 basehttp 22784 21608 "GET / HTTP/1.1" 200 40
WARNING 2023-09-21 14:55:57,470 log 22784 21608 Not Found: /favicon.ico
WARNING 2023-09-21 14:55:57,471 basehttp 22784 21608 "GET /favicon.ico HTTP/1.1" 404 13874
INFO 2023-09-21 15:00:03,832 autoreload 22784 7000 C:\Users\TESO\Desktop\Lessions\Framework Django\myproject\myproject\urls.py changed, reloading.
INFO 2023-09-21 15:00:04,570 autoreload 12596 23384 Watching for file changes with StatReloader
INFO 2023-09-21 15:07:46,194 autoreload 20952 15740 Watching for file changes with StatReloader
INFO 2023-09-21 15:07:50,938 basehttp 20952 15468 "GET / HTTP/1.1" 200 12289
INFO 2023-09-21 15:07:50,961 basehttp 20952 15468 "GET /static/debug_toolbar/css/toolbar.css HTTP/1.1" 200 12621
INFO 2023-09-21 15:07:50,961 basehttp 20952 18152 "GET /static/debug_toolbar/js/toolbar.js HTTP/1.1" 200 13404
INFO 2023-09-21 15:07:50,980 basehttp 20952 18152 "GET /static/debug_toolbar/css/print.css HTTP/1.1" 200 43
INFO 2023-09-21 15:07:51,002 basehttp 20952 18152 "GET /static/debug_toolbar/js/utils.js HTTP/1.1" 200 4527
